2018-05-23 19:31:43,545, Controller, [ERROR]: Authenticated 1
2018-05-23 19:31:49,392, Controller, [ERROR]: Authenticated 1
2018-05-23 19:31:58,320, Controller, [ERROR]: Authenticated 1
2018-05-23 19:31:59,668, Controller, [ERROR]: Authenticated 1
2018-05-23 19:32:17,228, Controller, [ERROR]: Authenticated 1
2018-05-23 19:32:50,924, Controller, [ERROR]: Authenticated 1
2018-05-23 19:32:50,962, ProjectController, [WARNING]: Trying to invite user which already invited
2018-05-23 19:35:54,722, Controller, [ERROR]: Authenticated 1
2018-05-23 19:36:21,936, Controller, [ERROR]: Authenticated 1
2018-05-23 19:36:38,287, Controller, [ERROR]: Authenticated 1
2018-05-23 19:37:00,602, Controller, [ERROR]: Authenticated 1
2018-05-23 19:38:20,897, Controller, [ERROR]: Authenticated 1
2018-05-23 19:38:20,946, TaskController, [ERROR]: Trying to connect with non-existent project
2018-05-23 19:38:20,946, TaskController, [ERROR]: Trying to connect with non-existent project
2018-05-23 19:38:42,571, Controller, [ERROR]: Authenticated 1
2018-05-23 19:38:42,618, TaskController, [ERROR]: Trying to connect with non-existent project
2018-05-23 19:38:42,618, TaskController, [ERROR]: Trying to connect with non-existent project
2018-05-23 19:39:42,445, Controller, [ERROR]: Authenticated 1
2018-05-23 19:40:00,765, Controller, [ERROR]: Authenticated 1
2018-05-23 19:40:01,792, Controller, [ERROR]: Authenticated 2
2018-05-23 19:40:10,697, Controller, [ERROR]: Authenticated 2
2018-05-23 19:40:11,802, Controller, [ERROR]: Authenticated 1
2018-05-23 19:40:29,855, Controller, [ERROR]: Authenticated 1
2018-05-23 19:40:36,615, Controller, [ERROR]: Authenticated 1
2018-05-23 19:42:07,195, Controller, [ERROR]: Authenticated 1
2018-05-23 19:42:14,576, Controller, [ERROR]: Authenticated 1
2018-05-23 19:49:51,624, Controller, [ERROR]: Authenticated 1
2018-05-23 19:50:08,312, Controller, [ERROR]: Authenticated 1
2018-05-23 19:50:20,706, Controller, [ERROR]: Authenticated 1
2018-05-23 19:50:45,096, Controller, [ERROR]: Authenticated 2
2018-05-23 19:50:45,123, UserController, [ERROR]: Trying to edit project by guest
2018-05-23 19:50:57,331, Controller, [ERROR]: Authenticated 2
2018-05-23 19:51:17,441, Controller, [ERROR]: Authenticated 1
2018-05-23 19:51:20,363, Controller, [ERROR]: Authenticated 1
2018-05-23 19:51:28,308, Controller, [ERROR]: Authenticated 1
2018-05-23 19:51:35,205, Controller, [ERROR]: Authenticated 1
2018-05-23 19:52:13,700, Controller, [ERROR]: Authenticated 1
2018-05-23 19:52:13,738, ProjectController, [WARNING]: Trying to invite user which already invited
2018-05-23 19:52:21,105, Controller, [ERROR]: Authenticated 1
2018-05-23 19:52:29,990, Controller, [ERROR]: Authenticated 1
2018-05-23 19:53:11,888, Controller, [ERROR]: Authenticated 2
2018-05-23 19:53:26,741, Controller, [ERROR]: Authenticated 2
2018-05-23 19:53:37,574, Controller, [ERROR]: Authenticated 2
2018-05-23 19:53:39,484, Controller, [ERROR]: Authenticated 1
2018-05-23 19:53:45,061, Controller, [ERROR]: Authenticated 1
2018-05-23 19:53:47,088, Controller, [ERROR]: Authenticated 1
2018-05-23 19:54:37,933, Controller, [ERROR]: Authenticated 1
2018-05-23 19:55:30,210, Controller, [ERROR]: Authenticated 1
2018-05-23 21:16:25,168, Controller, [ERROR]: Authenticated 1
2018-05-23 21:16:48,608, Controller, [ERROR]: Authenticated 1
2018-05-23 21:16:48,642, UserController, [ERROR]: Trying to access task which does not belong to user
2018-05-23 21:16:55,932, Controller, [ERROR]: Authenticated 1
2018-05-23 21:21:23,770, Controller, [ERROR]: Authenticated 1
2018-05-23 21:21:26,927, Controller, [ERROR]: Authenticated 1
2018-05-23 21:21:26,961, UserController, [ERROR]: Trying to access task which does not belong to user
2018-05-23 21:26:19,652, Controller, [ERROR]: Authenticated 1
2018-05-23 21:26:19,686, UserController, [ERROR]: Trying to access task which does not belong to user
2018-05-23 21:26:31,729, Controller, [ERROR]: Authenticated 1
2018-05-23 21:26:31,762, UserController, [ERROR]: Trying to access task which does not belong to user
2018-05-23 21:30:07,616, Controller, [ERROR]: Authenticated 1
2018-05-23 21:30:19,667, Controller, [ERROR]: Authenticated 1
2018-05-23 21:30:25,139, Controller, [ERROR]: Authenticated 1
2018-05-23 21:30:26,769, Controller, [ERROR]: Authenticated 2
2018-05-23 21:30:32,434, Controller, [ERROR]: Authenticated 2
2018-05-23 21:30:34,069, Controller, [ERROR]: Authenticated 1
2018-05-23 21:30:38,398, Controller, [ERROR]: Authenticated 1
2018-05-23 21:30:38,521, UserController, [ERROR]: Trying to access task which does not belong to user
2018-05-23 21:30:45,225, Controller, [ERROR]: Authenticated 1
2018-05-23 21:32:31,059, Controller, [ERROR]: Authenticated 1
2018-05-23 21:32:43,899, Controller, [ERROR]: Authenticated 1
2018-05-23 21:33:12,584, Controller, [ERROR]: Authenticated 1
2018-05-23 21:33:18,720, Controller, [ERROR]: Authenticated 1
2018-05-23 21:33:43,068, Controller, [ERROR]: Authenticated 1
2018-05-23 21:33:46,807, Controller, [ERROR]: Authenticated 1
2018-05-23 21:34:18,270, Controller, [ERROR]: Authenticated 1
2018-05-23 21:34:20,098, Controller, [ERROR]: Authenticated 2
2018-05-23 21:34:37,057, Controller, [ERROR]: Authenticated 2
2018-05-23 21:34:47,985, Controller, [ERROR]: Authenticated 2
2018-05-23 21:34:51,638, Controller, [ERROR]: Authenticated 2
2018-05-23 21:35:41,315, Controller, [ERROR]: Authenticated 2
2018-05-23 21:35:44,216, Controller, [ERROR]: Authenticated 2
2018-05-23 21:40:25,235, Controller, [ERROR]: Authenticated 2
2018-05-23 21:40:28,780, Controller, [ERROR]: Authenticated 1
2018-05-23 21:40:43,313, Controller, [ERROR]: Authenticated 1
2018-05-23 21:40:59,056, Controller, [ERROR]: Authenticated 2
2018-05-23 21:40:59,085, ProjectController, [WARNING]: Trying to invite into non-existent project
2018-05-23 21:41:07,849, Controller, [ERROR]: Authenticated 2
2018-05-23 21:41:08,972, Controller, [ERROR]: Authenticated 1
2018-05-23 21:41:12,221, Controller, [ERROR]: Authenticated 1
2018-05-23 21:41:20,494, Controller, [ERROR]: Authenticated 1
2018-05-23 21:41:24,183, Controller, [ERROR]: Authenticated 2
2018-05-23 21:41:37,129, Controller, [ERROR]: Authenticated 2
2018-05-23 21:41:50,993, Controller, [ERROR]: Authenticated 2
2018-05-23 21:41:56,791, Controller, [ERROR]: Authenticated 2
2018-05-23 21:41:58,845, Controller, [ERROR]: Authenticated 1
2018-05-23 21:42:03,498, Controller, [ERROR]: Authenticated 1
2018-05-23 21:42:09,769, Controller, [ERROR]: Authenticated 2
2018-05-23 21:42:22,979, Controller, [ERROR]: Authenticated 2
2018-05-23 21:42:25,607, Controller, [ERROR]: Authenticated 2
2018-05-23 21:42:32,849, Controller, [ERROR]: Authenticated 2
2018-05-23 21:42:37,771, Controller, [ERROR]: Authenticated 1
2018-05-23 21:42:46,650, Controller, [ERROR]: Authenticated 1
2018-05-23 21:43:10,060, Controller, [ERROR]: Authenticated 1
2018-05-23 22:45:56,500, Controller, [ERROR]: Authenticated 1
2018-05-23 22:45:56,501, Controller, [ERROR]: Authenticated 1
2018-05-23 22:45:56,501, Controller, [ERROR]: Authenticated 1
2018-05-23 22:45:56,502, Controller, [ERROR]: Authenticated 1
2018-05-23 22:45:56,502, Controller, [ERROR]: Authenticated 1
2018-05-23 22:45:56,502, Controller, [ERROR]: Authenticated 1
2018-05-23 22:47:37,549, Controller, [ERROR]: Authenticated 1
2018-05-23 22:47:37,638, Controller, [ERROR]: Authenticated 1
2018-05-23 22:47:37,638, Controller, [ERROR]: Authenticated 1
2018-05-23 22:47:37,639, Controller, [ERROR]: Authenticated 1
2018-05-23 22:47:37,639, Controller, [ERROR]: Authenticated 1
2018-05-23 22:47:37,639, Controller, [ERROR]: Authenticated 1
2018-05-23 22:48:37,664, Controller, [ERROR]: Authenticated 1
2018-05-23 22:48:37,754, Controller, [ERROR]: Authenticated 1
2018-05-23 22:48:37,754, Controller, [ERROR]: Authenticated 1
2018-05-23 22:48:37,755, Controller, [ERROR]: Authenticated 1
2018-05-23 22:48:37,755, Controller, [ERROR]: Authenticated 1
2018-05-23 22:48:37,755, Controller, [ERROR]: Authenticated 1
2018-05-23 22:50:44,819, Controller, [ERROR]: Authenticated 1
2018-05-23 22:50:44,929, Controller, [ERROR]: Authenticated 1
2018-05-23 22:50:44,929, Controller, [ERROR]: Authenticated 1
2018-05-23 22:50:44,931, Controller, [ERROR]: Authenticated 1
2018-05-23 22:50:44,931, Controller, [ERROR]: Authenticated 1
2018-05-23 22:50:44,931, Controller, [ERROR]: Authenticated 1
2018-05-23 22:54:44,197, Controller, [ERROR]: Authenticated 1
2018-05-23 22:54:44,291, Controller, [ERROR]: Authenticated 1
2018-05-23 22:54:44,291, Controller, [ERROR]: Authenticated 1
2018-05-23 22:54:44,292, Controller, [ERROR]: Authenticated 1
2018-05-23 22:54:44,292, Controller, [ERROR]: Authenticated 1
2018-05-23 22:54:44,292, Controller, [ERROR]: Authenticated 1
2018-05-23 22:58:08,679, Controller, [ERROR]: Authenticated 1
2018-05-23 22:58:08,777, Controller, [ERROR]: Authenticated 1
2018-05-23 22:58:08,777, Controller, [ERROR]: Authenticated 1
2018-05-23 22:58:08,778, Controller, [ERROR]: Authenticated 1
2018-05-23 22:58:08,778, Controller, [ERROR]: Authenticated 1
2018-05-23 22:58:08,778, Controller, [ERROR]: Authenticated 1
2018-05-23 22:58:34,695, Controller, [ERROR]: Authenticated 1
2018-05-23 22:58:34,781, Controller, [ERROR]: Authenticated 1
2018-05-23 22:58:34,781, Controller, [ERROR]: Authenticated 1
2018-05-23 22:58:34,783, Controller, [ERROR]: Authenticated 1
2018-05-23 22:58:34,783, Controller, [ERROR]: Authenticated 1
2018-05-23 22:58:34,783, Controller, [ERROR]: Authenticated 1
2018-05-23 22:59:31,499, Controller, [ERROR]: Authenticated 1
2018-05-23 22:59:31,592, Controller, [ERROR]: Authenticated 1
2018-05-23 22:59:31,592, Controller, [ERROR]: Authenticated 1
2018-05-23 22:59:31,593, Controller, [ERROR]: Authenticated 1
2018-05-23 22:59:31,593, Controller, [ERROR]: Authenticated 1
2018-05-23 22:59:31,593, Controller, [ERROR]: Authenticated 1
2018-05-23 22:59:47,009, Controller, [ERROR]: Authenticated 1
2018-05-23 22:59:47,099, Controller, [ERROR]: Authenticated 1
2018-05-23 22:59:47,099, Controller, [ERROR]: Authenticated 1
2018-05-23 22:59:47,101, Controller, [ERROR]: Authenticated 1
2018-05-23 22:59:47,101, Controller, [ERROR]: Authenticated 1
2018-05-23 22:59:47,101, Controller, [ERROR]: Authenticated 1
2018-05-23 22:59:57,814, Controller, [ERROR]: Authenticated 1
2018-05-23 22:59:57,901, Controller, [ERROR]: Authenticated 1
2018-05-23 22:59:57,901, Controller, [ERROR]: Authenticated 1
2018-05-23 22:59:57,903, Controller, [ERROR]: Authenticated 1
2018-05-23 22:59:57,903, Controller, [ERROR]: Authenticated 1
2018-05-23 22:59:57,903, Controller, [ERROR]: Authenticated 1
2018-05-23 23:01:14,851, Controller, [ERROR]: Authenticated 1
2018-05-23 23:01:14,940, Controller, [ERROR]: Authenticated 1
2018-05-23 23:01:14,940, Controller, [ERROR]: Authenticated 1
2018-05-23 23:01:14,942, Controller, [ERROR]: Authenticated 1
2018-05-23 23:01:14,942, Controller, [ERROR]: Authenticated 1
2018-05-23 23:01:14,942, Controller, [ERROR]: Authenticated 1
2018-05-23 23:01:41,803, Controller, [ERROR]: Authenticated 1
2018-05-23 23:01:41,890, Controller, [ERROR]: Authenticated 1
2018-05-23 23:01:41,890, Controller, [ERROR]: Authenticated 1
2018-05-23 23:01:41,892, Controller, [ERROR]: Authenticated 1
2018-05-23 23:01:41,892, Controller, [ERROR]: Authenticated 1
2018-05-23 23:01:41,892, Controller, [ERROR]: Authenticated 1
2018-05-23 23:02:10,859, Controller, [ERROR]: Authenticated 1
2018-05-23 23:02:10,946, Controller, [ERROR]: Authenticated 1
2018-05-23 23:02:10,946, Controller, [ERROR]: Authenticated 1
2018-05-23 23:02:10,950, Controller, [ERROR]: Authenticated 1
2018-05-23 23:02:10,950, Controller, [ERROR]: Authenticated 1
2018-05-23 23:02:10,950, Controller, [ERROR]: Authenticated 1
2018-05-23 23:07:08,533, Controller, [ERROR]: Authenticated 1
2018-05-23 23:07:08,621, Controller, [ERROR]: Authenticated 1
2018-05-23 23:07:08,621, Controller, [ERROR]: Authenticated 1
2018-05-23 23:07:08,623, Controller, [ERROR]: Authenticated 1
2018-05-23 23:07:08,623, Controller, [ERROR]: Authenticated 1
2018-05-23 23:07:08,623, Controller, [ERROR]: Authenticated 1
2018-05-23 23:07:55,305, Controller, [ERROR]: Authenticated 1
2018-05-23 23:07:55,393, Controller, [ERROR]: Authenticated 1
2018-05-23 23:07:55,393, Controller, [ERROR]: Authenticated 1
2018-05-23 23:07:55,394, Controller, [ERROR]: Authenticated 1
2018-05-23 23:07:55,394, Controller, [ERROR]: Authenticated 1
2018-05-23 23:07:55,394, Controller, [ERROR]: Authenticated 1
2018-05-23 23:09:09,828, Controller, [ERROR]: Authenticated 1
2018-05-23 23:09:09,916, Controller, [ERROR]: Authenticated 1
2018-05-23 23:09:09,916, Controller, [ERROR]: Authenticated 1
2018-05-23 23:09:09,917, Controller, [ERROR]: Authenticated 1
2018-05-23 23:09:09,917, Controller, [ERROR]: Authenticated 1
2018-05-23 23:09:09,917, Controller, [ERROR]: Authenticated 1
2018-05-23 23:09:42,519, Controller, [ERROR]: Authenticated 1
2018-05-23 23:09:42,530, Controller, [ERROR]: Authenticated 1
2018-05-23 23:09:42,530, Controller, [ERROR]: Authenticated 1
2018-05-23 23:10:11,058, Controller, [ERROR]: Authenticated 1
2018-05-23 23:10:11,069, Controller, [ERROR]: Authenticated 1
2018-05-23 23:10:11,069, Controller, [ERROR]: Authenticated 1
2018-05-23 23:10:34,178, Controller, [ERROR]: Authenticated 1
2018-05-23 23:10:34,190, Controller, [ERROR]: Authenticated 1
2018-05-23 23:10:34,190, Controller, [ERROR]: Authenticated 1
2018-05-23 23:10:51,343, Controller, [ERROR]: Authenticated 1
2018-05-23 23:10:51,354, Controller, [ERROR]: Authenticated 1
2018-05-23 23:10:51,354, Controller, [ERROR]: Authenticated 1
2018-05-23 23:10:51,373, TaskController, [ERROR]: Wrong parent tid. Parent does not exist
2018-05-23 23:10:55,959, Controller, [ERROR]: Authenticated 1
2018-05-23 23:10:56,050, Controller, [ERROR]: Authenticated 1
2018-05-23 23:10:56,050, Controller, [ERROR]: Authenticated 1
2018-05-23 23:10:56,051, Controller, [ERROR]: Authenticated 1
2018-05-23 23:10:56,051, Controller, [ERROR]: Authenticated 1
2018-05-23 23:10:56,051, Controller, [ERROR]: Authenticated 1
2018-05-23 23:11:01,340, Controller, [ERROR]: Authenticated 1
2018-05-23 23:11:01,340, Controller, [ERROR]: Authenticated 1
2018-05-23 23:11:01,340, Controller, [ERROR]: Authenticated 1
2018-05-23 23:11:01,340, Controller, [ERROR]: Authenticated 1
2018-05-23 23:11:01,341, Controller, [ERROR]: Authenticated 1
2018-05-23 23:11:01,341, Controller, [ERROR]: Authenticated 1
2018-05-23 23:11:01,341, Controller, [ERROR]: Authenticated 1
2018-05-23 23:11:01,341, Controller, [ERROR]: Authenticated 1
2018-05-23 23:11:01,341, Controller, [ERROR]: Authenticated 1
2018-05-23 23:11:18,238, Controller, [ERROR]: Authenticated 1
2018-05-23 23:11:18,249, Controller, [ERROR]: Authenticated 1
2018-05-23 23:11:18,249, Controller, [ERROR]: Authenticated 1
2018-05-23 23:11:18,268, TaskController, [ERROR]: Wrong parent tid. Parent does not exist
2018-05-23 23:16:00,327, Controller, [ERROR]: Authenticated 1
2018-05-23 23:16:00,339, Controller, [ERROR]: Authenticated 1
2018-05-23 23:16:00,339, Controller, [ERROR]: Authenticated 1
2018-05-23 23:16:00,359, TaskController, [ERROR]: Wrong parent tid. Parent does not exist
2018-05-23 23:16:04,108, Controller, [ERROR]: Authenticated 1
2018-05-23 23:16:04,198, Controller, [ERROR]: Authenticated 1
2018-05-23 23:16:04,198, Controller, [ERROR]: Authenticated 1
2018-05-23 23:16:04,199, Controller, [ERROR]: Authenticated 1
2018-05-23 23:16:04,199, Controller, [ERROR]: Authenticated 1
2018-05-23 23:16:04,199, Controller, [ERROR]: Authenticated 1
2018-05-23 23:16:10,088, Controller, [ERROR]: Authenticated 1
2018-05-23 23:16:10,088, Controller, [ERROR]: Authenticated 1
2018-05-23 23:16:10,088, Controller, [ERROR]: Authenticated 1
2018-05-23 23:16:10,088, Controller, [ERROR]: Authenticated 1
2018-05-23 23:16:10,104, Controller, [ERROR]: Authenticated 1
2018-05-23 23:16:10,104, Controller, [ERROR]: Authenticated 1
2018-05-23 23:16:10,104, Controller, [ERROR]: Authenticated 1
2018-05-23 23:16:10,104, Controller, [ERROR]: Authenticated 1
2018-05-23 23:16:10,104, Controller, [ERROR]: Authenticated 1
2018-05-23 23:16:10,127, TaskController, [ERROR]: Wrong parent tid. Parent does not exist
2018-05-23 23:16:49,084, Controller, [ERROR]: Authenticated 1
2018-05-23 23:16:49,173, Controller, [ERROR]: Authenticated 1
2018-05-23 23:16:49,173, Controller, [ERROR]: Authenticated 1
2018-05-23 23:16:49,174, Controller, [ERROR]: Authenticated 1
2018-05-23 23:16:49,174, Controller, [ERROR]: Authenticated 1
2018-05-23 23:16:49,174, Controller, [ERROR]: Authenticated 1
2018-05-23 23:16:50,328, Controller, [ERROR]: Authenticated 1
2018-05-23 23:16:50,328, Controller, [ERROR]: Authenticated 1
2018-05-23 23:16:50,328, Controller, [ERROR]: Authenticated 1
2018-05-23 23:16:50,328, Controller, [ERROR]: Authenticated 1
2018-05-23 23:16:50,339, Controller, [ERROR]: Authenticated 1
2018-05-23 23:16:50,339, Controller, [ERROR]: Authenticated 1
2018-05-23 23:16:50,339, Controller, [ERROR]: Authenticated 1
2018-05-23 23:16:50,339, Controller, [ERROR]: Authenticated 1
2018-05-23 23:16:50,339, Controller, [ERROR]: Authenticated 1
2018-05-23 23:16:50,359, TaskController, [ERROR]: Wrong parent tid. Parent does not exist
2018-05-23 23:17:49,233, Controller, [ERROR]: Authenticated 1
2018-05-23 23:17:49,323, Controller, [ERROR]: Authenticated 1
2018-05-23 23:17:49,323, Controller, [ERROR]: Authenticated 1
2018-05-23 23:17:49,324, Controller, [ERROR]: Authenticated 1
2018-05-23 23:17:49,324, Controller, [ERROR]: Authenticated 1
2018-05-23 23:17:49,324, Controller, [ERROR]: Authenticated 1
2018-05-23 23:17:50,514, Controller, [ERROR]: Authenticated 1
2018-05-23 23:17:50,514, Controller, [ERROR]: Authenticated 1
2018-05-23 23:17:50,514, Controller, [ERROR]: Authenticated 1
2018-05-23 23:17:50,514, Controller, [ERROR]: Authenticated 1
2018-05-23 23:17:50,526, Controller, [ERROR]: Authenticated 1
2018-05-23 23:17:50,526, Controller, [ERROR]: Authenticated 1
2018-05-23 23:17:50,526, Controller, [ERROR]: Authenticated 1
2018-05-23 23:17:50,526, Controller, [ERROR]: Authenticated 1
2018-05-23 23:17:50,526, Controller, [ERROR]: Authenticated 1
2018-05-23 23:17:50,547, TaskController, [ERROR]: Wrong parent tid. Parent does not exist
2018-05-23 23:17:52,254, Controller, [ERROR]: Authenticated 1
2018-05-23 23:17:52,345, Controller, [ERROR]: Authenticated 1
2018-05-23 23:17:52,345, Controller, [ERROR]: Authenticated 1
2018-05-23 23:17:52,346, Controller, [ERROR]: Authenticated 1
2018-05-23 23:17:52,346, Controller, [ERROR]: Authenticated 1
2018-05-23 23:17:52,346, Controller, [ERROR]: Authenticated 1
2018-05-23 23:17:53,522, Controller, [ERROR]: Authenticated 1
2018-05-23 23:17:53,522, Controller, [ERROR]: Authenticated 1
2018-05-23 23:17:53,522, Controller, [ERROR]: Authenticated 1
2018-05-23 23:17:53,522, Controller, [ERROR]: Authenticated 1
2018-05-23 23:17:53,533, Controller, [ERROR]: Authenticated 1
2018-05-23 23:17:53,533, Controller, [ERROR]: Authenticated 1
2018-05-23 23:17:53,533, Controller, [ERROR]: Authenticated 1
2018-05-23 23:17:53,533, Controller, [ERROR]: Authenticated 1
2018-05-23 23:17:53,533, Controller, [ERROR]: Authenticated 1
2018-05-23 23:17:53,553, TaskController, [ERROR]: Wrong parent tid. Parent does not exist
